2025-11-19 13:34:44,716 - INFO - Loaded 30 tracked symbols from the database.
2025-11-19 13:34:44,716 - INFO - ETL Pipeline initialized
2025-11-19 13:34:44,716 - INFO - Starting news ETL process
2025-11-19 13:34:44,717 - INFO - Extracting news data with query: None
2025-11-19 13:34:48,965 - INFO - Successfully extracted 3 news articles
2025-11-19 13:34:48,974 - INFO - Transformed 3 news records
2025-11-19 13:34:49,117 - INFO - Successfully loaded and processed 3 news records
2025-11-19 13:34:49,119 - INFO - Loaded 30 tracked symbols from the database.
2025-11-19 13:34:49,119 - INFO - Fetching news for symbol: AAPL
2025-11-19 13:34:49,120 - INFO - Extracting news data with query: AAPL
2025-11-19 13:34:50,895 - INFO - Successfully extracted 3 news articles
2025-11-19 13:34:50,902 - INFO - Transformed 3 news records
2025-11-19 13:34:50,907 - INFO - Will directly link news to stock: AAPL
2025-11-19 13:34:50,975 - INFO - Successfully loaded and processed 3 news records
2025-11-19 13:34:51,990 - INFO - Fetching news for symbol: MSFT
2025-11-19 13:34:51,990 - INFO - Extracting news data with query: MSFT
2025-11-19 13:34:53,563 - INFO - Successfully extracted 3 news articles
2025-11-19 13:34:53,572 - INFO - Transformed 3 news records
2025-11-19 13:34:53,591 - INFO - Will directly link news to stock: MSFT
2025-11-19 13:34:53,623 - INFO - Successfully loaded and processed 1 news records
2025-11-19 13:34:54,626 - INFO - Fetching news for symbol: GOOGL
2025-11-19 13:34:54,627 - INFO - Extracting news data with query: GOOGL
2025-11-19 13:34:56,220 - INFO - Successfully extracted 3 news articles
2025-11-19 13:34:56,225 - INFO - Transformed 3 news records
2025-11-19 13:34:56,227 - INFO - Will directly link news to stock: GOOGL
2025-11-19 13:34:56,268 - INFO - Successfully loaded and processed 1 news records
2025-11-19 13:34:57,276 - INFO - Fetching news for symbol: AMZN
2025-11-19 13:34:57,277 - INFO - Extracting news data with query: AMZN
2025-11-19 13:34:58,783 - INFO - Successfully extracted 3 news articles
2025-11-19 13:34:58,789 - INFO - Transformed 3 news records
2025-11-19 13:34:58,793 - INFO - Will directly link news to stock: AMZN
2025-11-19 13:34:58,798 - INFO - Successfully loaded and processed 0 news records
2025-11-19 13:34:59,814 - INFO - Fetching news for symbol: NVDA
2025-11-19 13:34:59,815 - INFO - Extracting news data with query: NVDA
2025-11-19 13:35:01,918 - INFO - Successfully extracted 3 news articles
2025-11-19 13:35:01,931 - INFO - Transformed 3 news records
2025-11-19 13:35:01,942 - INFO - Will directly link news to stock: NVDA
2025-11-19 13:35:02,001 - INFO - Successfully loaded and processed 2 news records
2025-11-19 13:35:03,008 - INFO - Fetching news for symbol: TSLA
2025-11-19 13:35:03,008 - INFO - Extracting news data with query: TSLA
2025-11-19 13:35:07,603 - INFO - Successfully extracted 3 news articles
2025-11-19 13:35:07,609 - INFO - Transformed 3 news records
2025-11-19 13:35:07,611 - INFO - Will directly link news to stock: TSLA
2025-11-19 13:35:07,617 - INFO - Successfully loaded and processed 0 news records
2025-11-19 13:35:08,622 - INFO - Fetching news for symbol: META
2025-11-19 13:35:08,622 - INFO - Extracting news data with query: META
2025-11-19 13:35:14,447 - INFO - Successfully extracted 3 news articles
2025-11-19 13:35:14,450 - INFO - Transformed 3 news records
2025-11-19 13:35:14,452 - INFO - Will directly link news to stock: META
2025-11-19 13:35:14,477 - INFO - Successfully loaded and processed 1 news records
2025-11-19 13:35:15,482 - INFO - Fetching news for symbol: UNH
2025-11-19 13:35:15,482 - INFO - Extracting news data with query: UNH
2025-11-19 13:35:15,508 - INFO - ============================================================
2025-11-19 13:35:15,508 - INFO - STARTING CONTINUOUS STOCK TRACKING FOR TOP 20 COMPANIES
2025-11-19 13:35:15,508 - INFO - ============================================================
2025-11-19 13:35:15,511 - INFO - API keys validated successfully
2025-11-19 13:35:15,514 - INFO - Database connection established
2025-11-19 13:35:15,619 - INFO - Loaded 30 tracked symbols from the database.
2025-11-19 13:35:15,620 - INFO - ETL Pipeline initialized
2025-11-19 13:35:15,620 - INFO - ETL Pipeline initialized
2025-11-19 13:35:15,620 - INFO - Tracking 31 companies:
2025-11-19 13:35:15,620 - INFO -   - AAPL: Apple Inc
2025-11-19 13:35:15,620 - INFO -   - MSFT: Microsoft Corporation
2025-11-19 13:35:15,620 - INFO -   - GOOGL: Alphabet Inc
2025-11-19 13:35:15,620 - INFO -   - AMZN: Amazon.com Inc
2025-11-19 13:35:15,620 - INFO -   - NVDA: NVIDIA Corporation
2025-11-19 13:35:15,620 - INFO -   - TSLA: Tesla Inc
2025-11-19 13:35:15,620 - INFO -   - META: Meta Platforms Inc
2025-11-19 13:35:15,621 - INFO -   - BRK.B: Berkshire Hathaway Inc
2025-11-19 13:35:15,621 - INFO -   - UNH: UnitedHealth Group Inc
2025-11-19 13:35:15,621 - INFO -   - JNJ: Johnson & Johnson
2025-11-19 13:35:15,621 - INFO -   - JPM: JPMorgan Chase & Co
2025-11-19 13:35:15,621 - INFO -   - V: Visa Inc
2025-11-19 13:35:15,621 - INFO -   - PG: Procter & Gamble Co
2025-11-19 13:35:15,621 - INFO -   - XOM: Exxon Mobil Corporation
2025-11-19 13:35:15,621 - INFO -   - HD: Home Depot Inc
2025-11-19 13:35:15,621 - INFO -   - CVX: Chevron Corporation
2025-11-19 13:35:15,621 - INFO -   - MA: Mastercard Inc
2025-11-19 13:35:15,621 - INFO -   - BAC: Bank of America Corp
2025-11-19 13:35:15,622 - INFO -   - ABBV: AbbVie Inc
2025-11-19 13:35:15,622 - INFO -   - PFE: Pfizer Inc
2025-11-19 13:35:15,622 - INFO -   - KO: The Coca-Cola Company
2025-11-19 13:35:15,622 - INFO -   - AVGO: Broadcom Inc
2025-11-19 13:35:15,622 - INFO -   - TMO: Thermo Fisher Scientific Inc
2025-11-19 13:35:15,622 - INFO -   - COST: Costco Wholesale Corporation
2025-11-19 13:35:15,622 - INFO -   - WMT: Walmart Inc
2025-11-19 13:35:15,623 - INFO -   - LLY: Eli Lilly and Company
2025-11-19 13:35:15,623 - INFO -   - NFLX: Netflix Inc
2025-11-19 13:35:15,623 - INFO -   - ADBE: Adobe Inc
2025-11-19 13:35:15,623 - INFO -   - CRM: Salesforce Inc
2025-11-19 13:35:15,623 - INFO -   - ORCL: Oracle Corporation
2025-11-19 13:35:15,623 - INFO -   - ACN: Accenture plc
2025-11-19 13:35:15,623 - INFO - Update intervals: Stock data every 300s, News every 1800s
2025-11-19 13:35:15,623 - INFO - Press Ctrl+C to stop tracking...

2025-11-19 13:35:15,623 - INFO - === Cycle 1 started at 2025-11-19 13:35:15 ===
2025-11-19 13:35:15,624 - INFO - Fetching data for AAPL (Apple Inc)
2025-11-19 13:35:15,624 - INFO - Starting ETL process for AAPL (attempt 1/3)
2025-11-19 13:35:15,624 - INFO - Starting ETL process for AAPL
2025-11-19 13:35:15,624 - INFO - Extracting stock data for AAPL
2025-11-19 13:35:16,693 - INFO - Successfully extracted 3 news articles
2025-11-19 13:35:16,700 - INFO - Transformed 3 news records
2025-11-19 13:35:16,703 - INFO - Will directly link news to stock: UNH
2025-11-19 13:35:16,708 - INFO - Successfully loaded and processed 0 news records
2025-11-19 13:35:17,709 - INFO - Extracted 5 records for AAPL
2025-11-19 13:35:17,710 - INFO - Transformed 5 stock records for AAPL
2025-11-19 13:35:17,722 - INFO - Successfully loaded 5 stock price records
2025-11-19 13:35:17,722 - INFO - Successfully loaded stock data for AAPL
2025-11-19 13:35:17,723 - INFO - Fetching news for symbol: JNJ
2025-11-19 13:35:17,723 - INFO - Extracting company info for AAPL
2025-11-19 13:35:17,725 - INFO - Extracting news data with query: JNJ
2025-11-19 13:35:18,827 - INFO - Successfully extracted company info for AAPL
2025-11-19 13:35:18,832 - INFO - Updated company info for AAPL
2025-11-19 13:35:18,832 - INFO - Completed ETL process for AAPL - Success: True
2025-11-19 13:35:19,098 - INFO - Successfully extracted 3 news articles
2025-11-19 13:35:19,104 - INFO - Transformed 3 news records
2025-11-19 13:35:19,106 - INFO - Will directly link news to stock: JNJ
2025-11-19 13:35:19,136 - INFO - Successfully loaded and processed 1 news records
2025-11-19 13:35:19,879 - INFO - Successfully stored 100 days of data for AAPL
2025-11-19 13:35:19,880 - INFO -   Latest Close: $267.44, Volume: 45,677,278.0
2025-11-19 13:35:20,149 - INFO - Fetching news for symbol: JPM
2025-11-19 13:35:20,150 - INFO - Extracting news data with query: JPM
2025-11-19 13:35:20,787 - INFO -   Company: Apple Inc, Sector: TECHNOLOGY
2025-11-19 13:35:21,512 - INFO - Successfully extracted 3 news articles
2025-11-19 13:35:21,519 - INFO - Transformed 3 news records
2025-11-19 13:35:21,522 - INFO - Will directly link news to stock: JPM
2025-11-19 13:35:21,563 - INFO - Successfully loaded and processed 2 news records
2025-11-19 13:35:22,578 - INFO - Fetching news for symbol: V
2025-11-19 13:35:22,579 - INFO - Extracting news data with query: V
2025-11-19 13:35:23,969 - INFO - Successfully extracted 3 news articles
2025-11-19 13:35:23,979 - INFO - Transformed 3 news records
2025-11-19 13:35:23,987 - INFO - Will directly link news to stock: V
2025-11-19 13:35:23,991 - INFO - Successfully loaded and processed 0 news records
2025-11-19 13:35:25,002 - INFO - Fetching news for symbol: PG
2025-11-19 13:35:25,003 - INFO - Extracting news data with query: PG
2025-11-19 13:35:26,202 - INFO - Successfully extracted 3 news articles
2025-11-19 13:35:26,207 - INFO - Transformed 3 news records
2025-11-19 13:35:26,210 - INFO - Will directly link news to stock: PG
2025-11-19 13:35:26,215 - INFO - Successfully loaded and processed 0 news records
2025-11-19 13:35:27,222 - INFO - Fetching news for symbol: XOM
2025-11-19 13:35:27,223 - INFO - Extracting news data with query: XOM
2025-11-19 13:35:28,901 - INFO - Successfully extracted 3 news articles
2025-11-19 13:35:28,914 - INFO - Transformed 3 news records
2025-11-19 13:35:28,917 - INFO - Will directly link news to stock: XOM
2025-11-19 13:35:28,923 - INFO - Successfully loaded and processed 0 news records
2025-11-19 13:35:29,938 - INFO - Fetching news for symbol: HD
2025-11-19 13:35:29,942 - INFO - Extracting news data with query: HD
2025-11-19 13:35:31,449 - INFO - Successfully extracted 3 news articles
2025-11-19 13:35:31,455 - INFO - Transformed 3 news records
2025-11-19 13:35:31,457 - INFO - Will directly link news to stock: HD
2025-11-19 13:35:31,460 - INFO - Successfully loaded and processed 0 news records
2025-11-19 13:35:32,555 - INFO - Fetching news for symbol: CVX
2025-11-19 13:35:32,566 - INFO - Extracting news data with query: CVX
2025-11-19 13:35:34,573 - INFO - Successfully extracted 3 news articles
2025-11-19 13:35:34,660 - INFO - Transformed 3 news records
2025-11-19 13:35:34,687 - INFO - Will directly link news to stock: CVX
2025-11-19 13:35:34,733 - INFO - Successfully loaded and processed 0 news records
2025-11-19 13:35:35,749 - INFO - Fetching news for symbol: MA
2025-11-19 13:35:35,750 - INFO - Extracting news data with query: MA
2025-11-19 13:35:35,810 - INFO - Fetching data for MSFT (Microsoft Corporation)
2025-11-19 13:35:35,810 - INFO - Starting ETL process for MSFT (attempt 1/3)
2025-11-19 13:35:35,812 - INFO - Starting ETL process for MSFT
2025-11-19 13:35:35,813 - INFO - Extracting stock data for MSFT
2025-11-19 13:35:36,068 - INFO - Extracted 5 records for MSFT
2025-11-19 13:35:36,072 - INFO - Transformed 5 stock records for MSFT
2025-11-19 13:35:36,123 - INFO - Successfully loaded 5 stock price records
2025-11-19 13:35:36,124 - INFO - Successfully loaded stock data for MSFT
2025-11-19 13:35:36,124 - INFO - Extracting company info for MSFT
2025-11-19 13:35:37,084 - INFO - Successfully extracted 3 news articles
2025-11-19 13:35:37,092 - INFO - Transformed 3 news records
2025-11-19 13:35:37,097 - INFO - Will directly link news to stock: MA
2025-11-19 13:35:37,103 - INFO - Successfully loaded and processed 0 news records
2025-11-19 13:35:37,143 - INFO - Successfully extracted company info for MSFT
2025-11-19 13:35:37,146 - INFO - Updated company info for MSFT
2025-11-19 13:35:37,146 - INFO - Completed ETL process for MSFT - Success: True
2025-11-19 13:35:38,028 - INFO - Successfully stored 100 days of data for MSFT
2025-11-19 13:35:38,029 - INFO -   Latest Close: $493.79, Volume: 33,815,114.0
2025-11-19 13:35:38,115 - INFO - Fetching news for symbol: BAC
2025-11-19 13:35:38,117 - INFO - Extracting news data with query: BAC
2025-11-19 13:35:38,617 - INFO -   Company: Microsoft Corporation, Sector: TECHNOLOGY
2025-11-19 13:35:40,250 - INFO - Successfully extracted 3 news articles
2025-11-19 13:35:40,259 - INFO - Transformed 3 news records
2025-11-19 13:35:40,262 - INFO - Will directly link news to stock: BAC
2025-11-19 13:35:40,269 - INFO - Successfully loaded and processed 0 news records
2025-11-19 13:35:41,270 - INFO - Fetching news for symbol: ABBV
2025-11-19 13:35:41,270 - INFO - Extracting news data with query: ABBV
2025-11-19 13:35:42,775 - INFO - Successfully extracted 3 news articles
2025-11-19 13:35:42,783 - INFO - Transformed 3 news records
2025-11-19 13:35:42,789 - INFO - Will directly link news to stock: ABBV
2025-11-19 13:35:42,796 - INFO - Successfully loaded and processed 0 news records
2025-11-19 13:35:43,801 - INFO - Fetching news for symbol: PFE
2025-11-19 13:35:43,802 - INFO - Extracting news data with query: PFE
2025-11-19 13:35:44,824 - INFO - Successfully extracted 3 news articles
2025-11-19 13:35:44,836 - INFO - Transformed 3 news records
2025-11-19 13:35:44,840 - INFO - Will directly link news to stock: PFE
2025-11-19 13:35:44,848 - INFO - Successfully loaded and processed 0 news records
2025-11-19 13:35:45,860 - INFO - Fetching news for symbol: KO
2025-11-19 13:35:45,861 - INFO - Extracting news data with query: KO
2025-11-19 13:35:48,032 - INFO - Successfully extracted 3 news articles
2025-11-19 13:35:48,040 - INFO - Transformed 3 news records
2025-11-19 13:35:48,045 - INFO - Will directly link news to stock: KO
2025-11-19 13:35:48,053 - INFO - Successfully loaded and processed 0 news records
2025-11-19 13:35:49,058 - INFO - Fetching news for symbol: AVGO
2025-11-19 13:35:49,060 - INFO - Extracting news data with query: AVGO
2025-11-19 13:35:51,107 - INFO - Successfully extracted 3 news articles
2025-11-19 13:35:51,116 - INFO - Transformed 3 news records
2025-11-19 13:35:51,120 - INFO - Will directly link news to stock: AVGO
2025-11-19 13:35:51,126 - INFO - Successfully loaded and processed 0 news records
2025-11-19 13:35:52,134 - INFO - Fetching news for symbol: TMO
2025-11-19 13:35:52,185 - INFO - Extracting news data with query: TMO
2025-11-19 13:35:53,624 - INFO - Fetching data for GOOGL (Alphabet Inc)
2025-11-19 13:35:53,624 - INFO - Starting ETL process for GOOGL (attempt 1/3)
2025-11-19 13:35:53,625 - INFO - Starting ETL process for GOOGL
2025-11-19 13:35:53,625 - INFO - Extracting stock data for GOOGL
2025-11-19 13:35:53,700 - INFO - Successfully extracted 3 news articles
2025-11-19 13:35:53,706 - INFO - Transformed 3 news records
2025-11-19 13:35:53,707 - INFO - Will directly link news to stock: TMO
2025-11-19 13:35:53,714 - INFO - Successfully loaded and processed 0 news records
2025-11-19 13:35:54,064 - INFO - Extracted 5 records for GOOGL
2025-11-19 13:35:54,065 - INFO - Transformed 5 stock records for GOOGL
2025-11-19 13:35:54,081 - INFO - Successfully loaded 5 stock price records
2025-11-19 13:35:54,082 - INFO - Successfully loaded stock data for GOOGL
2025-11-19 13:35:54,084 - INFO - Extracting company info for GOOGL
2025-11-19 13:35:54,727 - INFO - Fetching news for symbol: COST
2025-11-19 13:35:54,727 - INFO - Extracting news data with query: COST
2025-11-19 13:36:00,459 - INFO - Successfully extracted company info for GOOGL
2025-11-19 13:36:00,463 - INFO - Updated company info for GOOGL
2025-11-19 13:36:00,463 - INFO - Completed ETL process for GOOGL - Success: True
2025-11-19 13:36:01,205 - INFO - Successfully stored 100 days of data for GOOGL
2025-11-19 13:36:01,206 - INFO -   Latest Close: $284.28, Volume: 49,158,743.0
2025-11-19 13:36:01,687 - INFO -   Company: Alphabet Inc Class A, Sector: COMMUNICATION SERVICES
2025-11-19 13:36:02,978 - INFO - Successfully extracted 3 news articles
2025-11-19 13:36:02,983 - INFO - Transformed 3 news records
2025-11-19 13:36:02,984 - INFO - Will directly link news to stock: COST
2025-11-19 13:36:02,989 - INFO - Successfully loaded and processed 0 news records
2025-11-19 13:36:04,003 - INFO - Fetching news for symbol: WMT
2025-11-19 13:36:04,003 - INFO - Extracting news data with query: WMT
2025-11-19 13:36:05,015 - INFO - Successfully extracted 3 news articles
2025-11-19 13:36:05,025 - INFO - Transformed 3 news records
2025-11-19 13:36:05,027 - INFO - Will directly link news to stock: WMT
2025-11-19 13:36:05,032 - INFO - Successfully loaded and processed 0 news records
2025-11-19 13:36:06,045 - INFO - Fetching news for symbol: LLY
2025-11-19 13:36:06,047 - INFO - Extracting news data with query: LLY
2025-11-19 13:36:07,469 - INFO - Successfully extracted 3 news articles
2025-11-19 13:36:07,474 - INFO - Transformed 3 news records
2025-11-19 13:36:07,476 - INFO - Will directly link news to stock: LLY
2025-11-19 13:36:07,483 - INFO - Successfully loaded and processed 0 news records
2025-11-19 13:36:08,490 - INFO - Fetching news for symbol: NFLX
2025-11-19 13:36:08,490 - INFO - Extracting news data with query: NFLX
2025-11-19 13:36:09,749 - INFO - Successfully extracted 3 news articles
2025-11-19 13:36:09,758 - INFO - Transformed 3 news records
2025-11-19 13:36:09,762 - INFO - Will directly link news to stock: NFLX
2025-11-19 13:36:09,766 - INFO - Successfully loaded and processed 0 news records
2025-11-19 13:36:10,771 - INFO - Fetching news for symbol: ADBE
2025-11-19 13:36:10,771 - INFO - Extracting news data with query: ADBE
2025-11-19 13:36:11,920 - INFO - Successfully extracted 3 news articles
2025-11-19 13:36:11,927 - INFO - Transformed 3 news records
2025-11-19 13:36:11,930 - INFO - Will directly link news to stock: ADBE
2025-11-19 13:36:11,936 - INFO - Successfully loaded and processed 0 news records
2025-11-19 13:36:12,942 - INFO - Fetching news for symbol: CRM
2025-11-19 13:36:12,943 - INFO - Extracting news data with query: CRM
2025-11-19 13:36:16,698 - INFO - Fetching data for AMZN (Amazon.com Inc)
2025-11-19 13:36:16,698 - INFO - Starting ETL process for AMZN (attempt 1/3)
2025-11-19 13:36:16,699 - INFO - Starting ETL process for AMZN
2025-11-19 13:36:16,699 - INFO - Extracting stock data for AMZN
2025-11-19 13:36:16,919 - INFO - Extracted 5 records for AMZN
2025-11-19 13:36:16,921 - INFO - Transformed 5 stock records for AMZN
2025-11-19 13:36:16,939 - INFO - Successfully loaded 5 stock price records
2025-11-19 13:36:16,940 - INFO - Successfully loaded stock data for AMZN
2025-11-19 13:36:16,940 - INFO - Extracting company info for AMZN
2025-11-19 13:36:18,133 - INFO - Successfully extracted company info for AMZN
2025-11-19 13:36:18,136 - INFO - Updated company info for AMZN
2025-11-19 13:36:18,136 - INFO - Completed ETL process for AMZN - Success: True
2025-11-19 13:36:18,193 - INFO - Successfully extracted 3 news articles
2025-11-19 13:36:18,198 - INFO - Transformed 3 news records
2025-11-19 13:36:18,201 - INFO - Will directly link news to stock: CRM
2025-11-19 13:36:18,206 - INFO - Successfully loaded and processed 0 news records
2025-11-19 13:36:19,111 - INFO -   Company: N/A, Sector: N/A
2025-11-19 13:36:19,210 - INFO - Fetching news for symbol: ORCL
2025-11-19 13:36:19,212 - INFO - Extracting news data with query: ORCL
2025-11-19 13:36:21,373 - INFO - Successfully extracted 3 news articles
2025-11-19 13:36:21,380 - INFO - Transformed 3 news records
2025-11-19 13:36:21,382 - INFO - Will directly link news to stock: ORCL
2025-11-19 13:36:21,387 - INFO - Successfully loaded and processed 0 news records
2025-11-19 13:36:22,392 - INFO - Fetching news for symbol: ACN
2025-11-19 13:36:22,394 - INFO - Extracting news data with query: ACN
2025-11-19 13:36:24,080 - INFO - Successfully extracted 3 news articles
2025-11-19 13:36:24,085 - INFO - Transformed 3 news records
2025-11-19 13:36:24,087 - INFO - Will directly link news to stock: ACN
2025-11-19 13:36:24,094 - INFO - Successfully loaded and processed 0 news records
2025-11-19 13:36:25,105 - INFO - Completed news ETL process
2025-11-19 13:36:25,105 - INFO - ETL Pipeline closed
2025-11-19 13:36:34,115 - INFO - Fetching data for NVDA (NVIDIA Corporation)
2025-11-19 13:36:34,118 - INFO - Starting ETL process for NVDA (attempt 1/3)
2025-11-19 13:36:34,118 - INFO - Starting ETL process for NVDA
2025-11-19 13:36:34,118 - INFO - Extracting stock data for NVDA
2025-11-19 13:36:34,537 - INFO - Extracted 5 records for NVDA
2025-11-19 13:36:34,539 - INFO - Transformed 5 stock records for NVDA
2025-11-19 13:36:34,548 - INFO - Successfully loaded 5 stock price records
2025-11-19 13:36:34,549 - INFO - Successfully loaded stock data for NVDA
2025-11-19 13:36:34,549 - INFO - Extracting company info for NVDA
2025-11-19 13:36:35,364 - INFO - Successfully extracted company info for NVDA
2025-11-19 13:36:35,371 - INFO - Updated company info for NVDA
2025-11-19 13:36:35,373 - INFO - Completed ETL process for NVDA - Success: True
2025-11-19 13:36:36,671 - INFO -   Company: N/A, Sector: N/A
2025-11-19 13:36:51,676 - INFO - Fetching data for TSLA (Tesla Inc)
2025-11-19 13:36:51,676 - INFO - Starting ETL process for TSLA (attempt 1/3)
2025-11-19 13:36:51,676 - INFO - Starting ETL process for TSLA
2025-11-19 13:36:51,677 - INFO - Extracting stock data for TSLA
2025-11-19 13:36:51,880 - INFO - Extracted 5 records for TSLA
2025-11-19 13:36:51,881 - INFO - Transformed 5 stock records for TSLA
2025-11-19 13:36:51,890 - INFO - Successfully loaded 5 stock price records
2025-11-19 13:36:51,890 - INFO - Successfully loaded stock data for TSLA
2025-11-19 13:36:51,890 - INFO - Extracting company info for TSLA
2025-11-19 13:36:52,848 - INFO - Successfully extracted company info for TSLA
2025-11-19 13:36:52,854 - INFO - Updated company info for TSLA
2025-11-19 13:36:52,856 - INFO - Completed ETL process for TSLA - Success: True
2025-11-19 13:36:54,385 - INFO -   Company: N/A, Sector: N/A
2025-11-19 13:37:09,402 - INFO - Fetching data for META (Meta Platforms Inc)
2025-11-19 13:37:09,403 - INFO - Starting ETL process for META (attempt 1/3)
2025-11-19 13:37:09,412 - INFO - Starting ETL process for META
2025-11-19 13:37:09,413 - INFO - Extracting stock data for META
2025-11-19 13:37:09,764 - INFO - Extracted 5 records for META
2025-11-19 13:37:09,765 - INFO - Transformed 5 stock records for META
2025-11-19 13:37:09,773 - INFO - Successfully loaded 5 stock price records
2025-11-19 13:37:09,773 - INFO - Successfully loaded stock data for META
2025-11-19 13:37:09,774 - INFO - Extracting company info for META
2025-11-19 13:37:10,874 - INFO - Successfully extracted company info for META
2025-11-19 13:37:10,884 - INFO - Updated company info for META
2025-11-19 13:37:10,885 - INFO - Completed ETL process for META - Success: True
2025-11-19 13:37:12,107 - INFO -   Company: N/A, Sector: N/A
2025-11-19 13:37:27,120 - INFO - Fetching data for BRK.B (Berkshire Hathaway Inc)
2025-11-19 13:37:27,120 - INFO - Starting ETL process for BRK.B (attempt 1/3)
2025-11-19 13:37:27,120 - INFO - Starting ETL process for BRK.B
2025-11-19 13:37:27,122 - INFO - Extracting stock data for BRK.B
2025-11-19 13:37:40,359 - ERROR - $BRK.B: possibly delisted; no price data found  (period=5d)
2025-11-19 13:37:40,361 - WARNING - No data received for BRK.B
2025-11-19 13:37:40,362 - WARNING - No data received for BRK.B
2025-11-19 13:37:40,362 - INFO - Extracting company info for BRK.B
2025-11-19 13:37:55,133 - INFO - Successfully extracted company info for BRK.B
2025-11-19 13:37:55,137 - WARNING - Stock BRK.B not found for company info update
2025-11-19 13:37:55,138 - INFO - Completed ETL process for BRK.B - Success: False
2025-11-19 13:37:55,138 - WARNING - ETL reported failure for BRK.B on attempt 1
2025-11-19 13:37:55,139 - INFO - Retrying BRK.B after 2s backoff...
2025-11-19 13:37:57,148 - INFO - Starting ETL process for BRK.B (attempt 2/3)
2025-11-19 13:37:57,148 - INFO - Starting ETL process for BRK.B
2025-11-19 13:37:57,151 - INFO - Extracting stock data for BRK.B
2025-11-19 13:38:08,703 - ERROR - $BRK.B: possibly delisted; no price data found  (period=5d)
2025-11-19 13:38:08,705 - WARNING - No data received for BRK.B
2025-11-19 13:38:08,706 - WARNING - No data received for BRK.B
2025-11-19 13:38:08,707 - INFO - Extracting company info for BRK.B
2025-11-19 13:38:39,188 - ERROR - Error fetching company overview for BRK.B: Failed to perform, curl: (28) Recv failure: Connection was reset. See https://curl.se/libcurl/c/libcurl-errors.html first for more details.
2025-11-19 13:38:39,191 - WARNING - No company info received for BRK.B
2025-11-19 13:38:39,191 - INFO - Completed ETL process for BRK.B - Success: False
2025-11-19 13:38:39,192 - WARNING - ETL reported failure for BRK.B on attempt 2
2025-11-19 13:38:39,192 - INFO - Retrying BRK.B after 4s backoff...
2025-11-19 13:38:43,201 - INFO - Starting ETL process for BRK.B (attempt 3/3)
2025-11-19 13:38:43,202 - INFO - Starting ETL process for BRK.B
2025-11-19 13:38:43,203 - INFO - Extracting stock data for BRK.B
2025-11-19 13:38:53,217 - ERROR - $BRK.B: possibly delisted; no price data found  (period=5d)
2025-11-19 13:38:53,219 - WARNING - No data received for BRK.B
2025-11-19 13:38:53,219 - WARNING - No data received for BRK.B
2025-11-19 13:38:53,220 - INFO - Extracting company info for BRK.B
2025-11-19 13:39:32,078 - ERROR - Error fetching company overview for BRK.B: Too Many Requests. Rate limited. Try after a while.
2025-11-19 13:39:32,079 - WARNING - No company info received for BRK.B
2025-11-19 13:39:32,079 - INFO - Completed ETL process for BRK.B - Success: False
2025-11-19 13:39:32,080 - WARNING - ETL reported failure for BRK.B on attempt 3
2025-11-19 13:39:32,080 - WARNING - Failed to store data for BRK.B in database after 3 attempts
2025-11-19 13:39:47,095 - INFO - Fetching data for UNH (UnitedHealth Group Inc)
2025-11-19 13:39:47,097 - INFO - Starting ETL process for UNH (attempt 1/3)
2025-11-19 13:39:47,098 - INFO - Starting ETL process for UNH
2025-11-19 13:39:47,099 - INFO - Extracting stock data for UNH
2025-11-19 13:39:57,669 - ERROR - $UNH: possibly delisted; no price data found  (period=5d)
2025-11-19 13:39:57,671 - WARNING - No data received for UNH
2025-11-19 13:39:57,671 - WARNING - No data received for UNH
2025-11-19 13:39:57,672 - INFO - Extracting company info for UNH
2025-11-19 13:40:41,639 - ERROR - Error fetching company overview for UNH: Failed to perform, curl: (28) Operation timed out after 30015 milliseconds with 0 bytes received. See https://curl.se/libcurl/c/libcurl-errors.html first for more details.
2025-11-19 13:40:41,645 - WARNING - No company info received for UNH
2025-11-19 13:40:41,692 - INFO - Completed ETL process for UNH - Success: False
2025-11-19 13:40:41,706 - WARNING - ETL reported failure for UNH on attempt 1
2025-11-19 13:40:41,724 - INFO - Retrying UNH after 2s backoff...
2025-11-19 13:40:43,794 - INFO - Starting ETL process for UNH (attempt 2/3)
2025-11-19 13:40:43,795 - INFO - Starting ETL process for UNH
2025-11-19 13:40:43,796 - INFO - Extracting stock data for UNH
2025-11-19 13:40:53,820 - ERROR - $UNH: possibly delisted; no price data found  (period=5d)
2025-11-19 13:40:53,821 - WARNING - No data received for UNH
2025-11-19 13:40:53,822 - WARNING - No data received for UNH
2025-11-19 13:40:53,823 - INFO - Extracting company info for UNH
2025-11-19 13:41:23,839 - ERROR - Error fetching company overview for UNH: Failed to perform, curl: (28) Operation timed out after 30012 milliseconds with 0 bytes received. See https://curl.se/libcurl/c/libcurl-errors.html first for more details.
2025-11-19 13:41:23,840 - WARNING - No company info received for UNH
2025-11-19 13:41:23,841 - INFO - Completed ETL process for UNH - Success: False
2025-11-19 13:41:23,841 - WARNING - ETL reported failure for UNH on attempt 2
2025-11-19 13:41:23,842 - INFO - Retrying UNH after 4s backoff...
2025-11-19 13:41:27,847 - INFO - Starting ETL process for UNH (attempt 3/3)
2025-11-19 13:41:27,850 - INFO - Starting ETL process for UNH
2025-11-19 13:41:27,851 - INFO - Extracting stock data for UNH
2025-11-19 13:41:29,723 - INFO - Extracted 5 records for UNH
2025-11-19 13:41:29,725 - INFO - Transformed 5 stock records for UNH
2025-11-19 13:41:29,751 - INFO - Successfully loaded 5 stock price records
2025-11-19 13:41:29,763 - INFO - Successfully loaded stock data for UNH
2025-11-19 13:41:29,764 - INFO - Extracting company info for UNH
2025-11-19 13:42:01,378 - INFO - Successfully extracted company info for UNH
2025-11-19 13:42:01,383 - INFO - Updated company info for UNH
2025-11-19 13:42:01,421 - INFO - Completed ETL process for UNH - Success: True
2025-11-19 13:42:03,259 - INFO -   Company: N/A, Sector: N/A
2025-11-19 13:51:02,650 - INFO - Fetching data for JNJ (Johnson & Johnson)
2025-11-19 13:51:02,650 - INFO - Starting ETL process for JNJ (attempt 1/3)
2025-11-19 13:51:02,651 - INFO - Starting ETL process for JNJ
2025-11-19 13:51:02,651 - INFO - Extracting stock data for JNJ
2025-11-19 13:51:12,668 - ERROR - $JNJ: possibly delisted; no price data found  (period=5d)
2025-11-19 13:51:12,669 - WARNING - No data received for JNJ
2025-11-19 13:51:12,669 - WARNING - No data received for JNJ
2025-11-19 13:51:12,670 - INFO - Extracting company info for JNJ
2025-11-19 13:51:31,850 - INFO - Successfully extracted company info for JNJ
2025-11-19 13:51:31,853 - INFO - Updated company info for JNJ
2025-11-19 13:51:31,853 - INFO - Completed ETL process for JNJ - Success: False
2025-11-19 13:51:31,853 - WARNING - ETL reported failure for JNJ on attempt 1
2025-11-19 13:51:31,854 - INFO - Retrying JNJ after 2s backoff...
2025-11-19 13:51:33,862 - INFO - Starting ETL process for JNJ (attempt 2/3)
2025-11-19 13:51:33,862 - INFO - Starting ETL process for JNJ
2025-11-19 13:51:33,863 - INFO - Extracting stock data for JNJ
2025-11-19 13:51:37,505 - INFO - Extracted 5 records for JNJ
2025-11-19 13:51:37,508 - INFO - Transformed 5 stock records for JNJ
2025-11-19 13:51:37,526 - INFO - Successfully loaded 5 stock price records
2025-11-19 13:51:37,527 - INFO - Successfully loaded stock data for JNJ
2025-11-19 13:51:37,528 - INFO - Extracting company info for JNJ
2025-11-19 13:51:38,167 - INFO - Successfully extracted company info for JNJ
2025-11-19 13:51:38,172 - INFO - Updated company info for JNJ
2025-11-19 13:51:38,173 - INFO - Completed ETL process for JNJ - Success: True
2025-11-19 13:51:39,534 - INFO -   Company: N/A, Sector: N/A
2025-11-19 13:51:54,557 - INFO - Fetching data for JPM (JPMorgan Chase & Co)
2025-11-19 13:51:54,559 - INFO - Starting ETL process for JPM (attempt 1/3)
2025-11-19 13:51:54,560 - INFO - Starting ETL process for JPM
2025-11-19 13:51:54,561 - INFO - Extracting stock data for JPM
2025-11-19 13:51:55,537 - INFO - Extracted 5 records for JPM
2025-11-19 13:51:55,539 - INFO - Transformed 5 stock records for JPM
2025-11-19 13:51:55,561 - INFO - Successfully loaded 5 stock price records
2025-11-19 13:51:55,562 - INFO - Successfully loaded stock data for JPM
2025-11-19 13:51:55,563 - INFO - Extracting company info for JPM
2025-11-19 13:51:57,383 - INFO - Successfully extracted company info for JPM
2025-11-19 13:51:57,396 - INFO - Updated company info for JPM
2025-11-19 13:51:57,396 - INFO - Completed ETL process for JPM - Success: True
2025-11-19 13:51:58,868 - INFO -   Company: N/A, Sector: N/A
2025-11-19 13:52:13,877 - INFO - Fetching data for V (Visa Inc)
2025-11-19 13:52:13,878 - INFO - Starting ETL process for V (attempt 1/3)
2025-11-19 13:52:13,879 - INFO - Starting ETL process for V
2025-11-19 13:52:13,879 - INFO - Extracting stock data for V
2025-11-19 13:52:14,375 - INFO - Extracted 5 records for V
2025-11-19 13:52:14,377 - INFO - Transformed 5 stock records for V
2025-11-19 13:52:14,394 - INFO - Successfully loaded 5 stock price records
2025-11-19 13:52:14,401 - INFO - Successfully loaded stock data for V
2025-11-19 13:52:14,402 - INFO - Extracting company info for V
2025-11-19 13:52:16,499 - INFO - Successfully extracted company info for V
2025-11-19 13:52:16,503 - INFO - Updated company info for V
2025-11-19 13:52:16,504 - INFO - Completed ETL process for V - Success: True
2025-11-19 13:52:18,444 - INFO -   Company: N/A, Sector: N/A
2025-11-19 13:52:33,446 - INFO - Fetching data for PG (Procter & Gamble Co)
2025-11-19 13:52:33,447 - INFO - Starting ETL process for PG (attempt 1/3)
2025-11-19 13:52:33,447 - INFO - Starting ETL process for PG
2025-11-19 13:52:33,448 - INFO - Extracting stock data for PG
2025-11-19 13:52:33,915 - INFO - Extracted 5 records for PG
2025-11-19 13:52:33,919 - INFO - Transformed 5 stock records for PG
2025-11-19 13:52:33,939 - INFO - Successfully loaded 5 stock price records
2025-11-19 13:52:33,940 - INFO - Successfully loaded stock data for PG
2025-11-19 13:52:33,941 - INFO - Extracting company info for PG
2025-11-19 13:52:36,280 - INFO - Successfully extracted company info for PG
2025-11-19 13:52:36,287 - INFO - Updated company info for PG
2025-11-19 13:52:36,287 - INFO - Completed ETL process for PG - Success: True
2025-11-19 13:52:37,494 - INFO -   Company: N/A, Sector: N/A
2025-11-19 13:52:52,508 - INFO - Fetching data for XOM (Exxon Mobil Corporation)
2025-11-19 13:52:52,509 - INFO - Starting ETL process for XOM (attempt 1/3)
2025-11-19 13:52:52,509 - INFO - Starting ETL process for XOM
2025-11-19 13:52:52,510 - INFO - Extracting stock data for XOM
2025-11-19 13:52:54,000 - INFO - Extracted 5 records for XOM
2025-11-19 13:52:54,003 - INFO - Transformed 5 stock records for XOM
2025-11-19 13:52:54,041 - INFO - Successfully loaded 5 stock price records
2025-11-19 13:52:54,044 - INFO - Successfully loaded stock data for XOM
2025-11-19 13:52:54,055 - INFO - Extracting company info for XOM
2025-11-19 13:52:56,330 - INFO - Successfully extracted company info for XOM
2025-11-19 13:52:56,334 - INFO - Updated company info for XOM
2025-11-19 13:52:56,335 - INFO - Completed ETL process for XOM - Success: True
2025-11-19 13:52:57,706 - INFO -   Company: N/A, Sector: N/A
2025-11-19 13:53:12,706 - INFO - Fetching data for HD (Home Depot Inc)
2025-11-19 13:53:12,708 - INFO - Starting ETL process for HD (attempt 1/3)
2025-11-19 13:53:12,709 - INFO - Starting ETL process for HD
2025-11-19 13:53:12,710 - INFO - Extracting stock data for HD
2025-11-19 13:53:14,273 - INFO - Extracted 5 records for HD
2025-11-19 13:53:14,275 - INFO - Transformed 5 stock records for HD
2025-11-19 13:53:14,305 - INFO - Successfully loaded 5 stock price records
2025-11-19 13:53:14,307 - INFO - Successfully loaded stock data for HD
2025-11-19 13:53:14,308 - INFO - Extracting company info for HD
2025-11-19 13:53:16,094 - INFO - Successfully extracted company info for HD
2025-11-19 13:53:16,098 - INFO - Updated company info for HD
2025-11-19 13:53:16,098 - INFO - Completed ETL process for HD - Success: True
2025-11-19 13:53:18,451 - INFO -   Company: N/A, Sector: N/A
2025-11-19 13:53:33,457 - INFO - Fetching data for CVX (Chevron Corporation)
2025-11-19 13:53:33,458 - INFO - Starting ETL process for CVX (attempt 1/3)
2025-11-19 13:53:33,458 - INFO - Starting ETL process for CVX
2025-11-19 13:53:33,459 - INFO - Extracting stock data for CVX
2025-11-19 13:53:34,729 - INFO - Extracted 5 records for CVX
2025-11-19 13:53:34,733 - INFO - Transformed 5 stock records for CVX
2025-11-19 13:53:34,758 - INFO - Successfully loaded 5 stock price records
2025-11-19 13:53:34,759 - INFO - Successfully loaded stock data for CVX
2025-11-19 13:53:34,759 - INFO - Extracting company info for CVX
2025-11-19 13:53:35,813 - INFO - Successfully extracted company info for CVX
2025-11-19 13:53:35,828 - INFO - Updated company info for CVX
2025-11-19 13:53:35,830 - INFO - Completed ETL process for CVX - Success: True
2025-11-19 13:53:40,102 - INFO -   Company: N/A, Sector: N/A
2025-11-19 13:53:55,111 - INFO - Fetching data for MA (Mastercard Inc)
2025-11-19 13:53:55,115 - INFO - Starting ETL process for MA (attempt 1/3)
2025-11-19 13:53:55,115 - INFO - Starting ETL process for MA
2025-11-19 13:53:55,116 - INFO - Extracting stock data for MA
2025-11-19 13:53:55,511 - INFO - Extracted 5 records for MA
2025-11-19 13:53:55,513 - INFO - Transformed 5 stock records for MA
2025-11-19 13:53:55,529 - INFO - Successfully loaded 5 stock price records
2025-11-19 13:53:55,531 - INFO - Successfully loaded stock data for MA
2025-11-19 13:53:55,534 - INFO - Extracting company info for MA
2025-11-19 13:53:56,477 - INFO - Successfully extracted company info for MA
2025-11-19 13:53:56,484 - INFO - Updated company info for MA
2025-11-19 13:53:56,490 - INFO - Completed ETL process for MA - Success: True
2025-11-19 13:53:58,917 - INFO -   Company: N/A, Sector: N/A
2025-11-19 13:54:13,933 - INFO - Fetching data for BAC (Bank of America Corp)
2025-11-19 13:54:13,935 - INFO - Starting ETL process for BAC (attempt 1/3)
2025-11-19 13:54:13,937 - INFO - Starting ETL process for BAC
2025-11-19 13:54:13,937 - INFO - Extracting stock data for BAC
2025-11-19 13:54:14,488 - INFO - Extracted 5 records for BAC
2025-11-19 13:54:14,492 - INFO - Transformed 5 stock records for BAC
2025-11-19 13:54:14,549 - INFO - Successfully loaded 5 stock price records
2025-11-19 13:54:14,549 - INFO - Successfully loaded stock data for BAC
2025-11-19 13:54:14,549 - INFO - Extracting company info for BAC
2025-11-19 13:54:16,215 - INFO - Successfully extracted company info for BAC
2025-11-19 13:54:16,219 - INFO - Updated company info for BAC
2025-11-19 13:54:16,220 - INFO - Completed ETL process for BAC - Success: True
2025-11-19 13:54:17,360 - INFO -   Company: N/A, Sector: N/A
2025-11-19 13:54:32,373 - INFO - Fetching data for ABBV (AbbVie Inc)
2025-11-19 13:54:32,374 - INFO - Starting ETL process for ABBV (attempt 1/3)
2025-11-19 13:54:32,375 - INFO - Starting ETL process for ABBV
2025-11-19 13:54:32,376 - INFO - Extracting stock data for ABBV
2025-11-19 13:54:32,716 - INFO - Extracted 5 records for ABBV
2025-11-19 13:54:32,719 - INFO - Transformed 5 stock records for ABBV
2025-11-19 13:54:32,735 - INFO - Successfully loaded 5 stock price records
2025-11-19 13:54:32,736 - INFO - Successfully loaded stock data for ABBV
2025-11-19 13:54:32,737 - INFO - Extracting company info for ABBV
2025-11-19 13:54:33,816 - INFO - Successfully extracted company info for ABBV
2025-11-19 13:54:33,822 - INFO - Updated company info for ABBV
2025-11-19 13:54:33,822 - INFO - Completed ETL process for ABBV - Success: True
2025-11-19 13:54:35,049 - INFO -   Company: N/A, Sector: N/A
2025-11-19 13:54:50,065 - INFO - Fetching data for PFE (Pfizer Inc)
2025-11-19 13:54:50,066 - INFO - Starting ETL process for PFE (attempt 1/3)
2025-11-19 13:54:50,067 - INFO - Starting ETL process for PFE
2025-11-19 13:54:50,068 - INFO - Extracting stock data for PFE
2025-11-19 13:54:50,590 - INFO - Extracted 5 records for PFE
2025-11-19 13:54:50,592 - INFO - Transformed 5 stock records for PFE
2025-11-19 13:54:50,631 - INFO - Successfully loaded 5 stock price records
2025-11-19 13:54:50,632 - INFO - Successfully loaded stock data for PFE
2025-11-19 13:54:50,635 - INFO - Extracting company info for PFE
2025-11-19 13:54:51,658 - INFO - Successfully extracted company info for PFE
2025-11-19 13:54:51,665 - INFO - Updated company info for PFE
2025-11-19 13:54:51,666 - INFO - Completed ETL process for PFE - Success: True
2025-11-19 13:54:52,661 - INFO -   Company: N/A, Sector: N/A
2025-11-19 13:55:07,663 - INFO - Fetching data for KO (The Coca-Cola Company)
2025-11-19 13:55:07,667 - INFO - Starting ETL process for KO (attempt 1/3)
2025-11-19 13:55:07,668 - INFO - Starting ETL process for KO
2025-11-19 13:55:07,668 - INFO - Extracting stock data for KO
2025-11-19 13:55:08,106 - INFO - Extracted 5 records for KO
2025-11-19 13:55:08,109 - INFO - Transformed 5 stock records for KO
2025-11-19 13:55:08,127 - INFO - Successfully loaded 5 stock price records
2025-11-19 13:55:08,127 - INFO - Successfully loaded stock data for KO
2025-11-19 13:55:08,128 - INFO - Extracting company info for KO
2025-11-19 13:55:09,654 - INFO - Successfully extracted company info for KO
2025-11-19 13:55:09,658 - INFO - Updated company info for KO
2025-11-19 13:55:09,659 - INFO - Completed ETL process for KO - Success: True
2025-11-19 13:55:10,819 - INFO -   Company: N/A, Sector: N/A
2025-11-19 13:55:25,832 - INFO - Fetching data for AVGO (Broadcom Inc)
2025-11-19 13:55:25,833 - INFO - Starting ETL process for AVGO (attempt 1/3)
2025-11-19 13:55:25,834 - INFO - Starting ETL process for AVGO
2025-11-19 13:55:25,834 - INFO - Extracting stock data for AVGO
2025-11-19 13:55:26,294 - INFO - Extracted 5 records for AVGO
2025-11-19 13:55:26,296 - INFO - Transformed 5 stock records for AVGO
2025-11-19 13:55:26,327 - INFO - Successfully loaded 5 stock price records
2025-11-19 13:55:26,327 - INFO - Successfully loaded stock data for AVGO
2025-11-19 13:55:26,328 - INFO - Extracting company info for AVGO
2025-11-19 13:55:27,883 - INFO - Successfully extracted company info for AVGO
2025-11-19 13:55:27,888 - INFO - Updated company info for AVGO
2025-11-19 13:55:27,929 - INFO - Completed ETL process for AVGO - Success: True
2025-11-19 13:55:29,525 - INFO -   Company: N/A, Sector: N/A
2025-11-19 13:55:44,531 - INFO - Fetching data for TMO (Thermo Fisher Scientific Inc)
2025-11-19 13:55:44,534 - INFO - Starting ETL process for TMO (attempt 1/3)
2025-11-19 13:55:44,537 - INFO - Starting ETL process for TMO
2025-11-19 13:55:44,594 - INFO - Extracting stock data for TMO
2025-11-19 13:55:45,845 - INFO - Extracted 5 records for TMO
2025-11-19 13:55:45,852 - INFO - Transformed 5 stock records for TMO
2025-11-19 13:55:45,902 - INFO - Successfully loaded 5 stock price records
2025-11-19 13:55:45,902 - INFO - Successfully loaded stock data for TMO
2025-11-19 13:55:45,902 - INFO - Extracting company info for TMO
2025-11-19 13:55:47,245 - INFO - Successfully extracted company info for TMO
2025-11-19 13:55:47,250 - INFO - Updated company info for TMO
2025-11-19 13:55:47,251 - INFO - Completed ETL process for TMO - Success: True
2025-11-19 13:55:48,652 - INFO -   Company: N/A, Sector: N/A
2025-11-19 13:56:03,657 - INFO - Fetching data for COST (Costco Wholesale Corporation)
2025-11-19 13:56:03,660 - INFO - Starting ETL process for COST (attempt 1/3)
2025-11-19 13:56:03,660 - INFO - Starting ETL process for COST
2025-11-19 13:56:03,661 - INFO - Extracting stock data for COST
2025-11-19 13:56:04,116 - INFO - Extracted 5 records for COST
2025-11-19 13:56:04,119 - INFO - Transformed 5 stock records for COST
2025-11-19 13:56:04,150 - INFO - Successfully loaded 5 stock price records
2025-11-19 13:56:04,151 - INFO - Successfully loaded stock data for COST
2025-11-19 13:56:04,151 - INFO - Extracting company info for COST
2025-11-19 13:56:07,438 - INFO - Successfully extracted company info for COST
2025-11-19 13:56:07,444 - INFO - Updated company info for COST
2025-11-19 13:56:07,445 - INFO - Completed ETL process for COST - Success: True
2025-11-19 13:56:08,545 - INFO -   Company: N/A, Sector: N/A
2025-11-19 13:56:23,554 - INFO - Fetching data for WMT (Walmart Inc)
2025-11-19 13:56:23,556 - INFO - Starting ETL process for WMT (attempt 1/3)
2025-11-19 13:56:23,558 - INFO - Starting ETL process for WMT
2025-11-19 13:56:23,565 - INFO - Extracting stock data for WMT
2025-11-19 13:56:24,244 - INFO - Extracted 5 records for WMT
2025-11-19 13:56:24,247 - INFO - Transformed 5 stock records for WMT
2025-11-19 13:56:24,282 - INFO - Successfully loaded 5 stock price records
2025-11-19 13:56:24,285 - INFO - Successfully loaded stock data for WMT
2025-11-19 13:56:24,288 - INFO - Extracting company info for WMT
2025-11-19 13:56:26,270 - INFO - Successfully extracted company info for WMT
2025-11-19 13:56:26,274 - INFO - Updated company info for WMT
2025-11-19 13:56:26,274 - INFO - Completed ETL process for WMT - Success: True
2025-11-19 13:56:27,585 - INFO -   Company: N/A, Sector: N/A
2025-11-19 13:56:42,595 - INFO - Fetching data for LLY (Eli Lilly and Company)
2025-11-19 13:56:42,596 - INFO - Starting ETL process for LLY (attempt 1/3)
2025-11-19 13:56:42,597 - INFO - Starting ETL process for LLY
2025-11-19 13:56:42,598 - INFO - Extracting stock data for LLY
2025-11-19 13:56:44,297 - INFO - Extracted 5 records for LLY
2025-11-19 13:56:44,299 - INFO - Transformed 5 stock records for LLY
2025-11-19 13:56:44,320 - INFO - Successfully loaded 5 stock price records
2025-11-19 13:56:44,330 - INFO - Successfully loaded stock data for LLY
2025-11-19 13:56:44,342 - INFO - Extracting company info for LLY
2025-11-19 13:56:46,692 - INFO - Successfully extracted company info for LLY
2025-11-19 13:56:46,696 - INFO - Updated company info for LLY
2025-11-19 13:56:46,697 - INFO - Completed ETL process for LLY - Success: True
2025-11-19 13:56:47,861 - INFO -   Company: N/A, Sector: N/A
2025-11-19 13:57:02,872 - INFO - Fetching data for NFLX (Netflix Inc)
2025-11-19 13:57:02,874 - INFO - Starting ETL process for NFLX (attempt 1/3)
2025-11-19 13:57:02,875 - INFO - Starting ETL process for NFLX
2025-11-19 13:57:02,875 - INFO - Extracting stock data for NFLX
2025-11-19 13:57:03,354 - INFO - Extracted 5 records for NFLX
2025-11-19 13:57:03,355 - INFO - Transformed 5 stock records for NFLX
2025-11-19 13:57:03,372 - INFO - Successfully loaded 5 stock price records
2025-11-19 13:57:03,372 - INFO - Successfully loaded stock data for NFLX
2025-11-19 13:57:03,373 - INFO - Extracting company info for NFLX
2025-11-19 13:57:04,561 - INFO - Successfully extracted company info for NFLX
2025-11-19 13:57:04,566 - INFO - Updated company info for NFLX
2025-11-19 13:57:04,566 - INFO - Completed ETL process for NFLX - Success: True
2025-11-19 13:57:06,701 - INFO -   Company: N/A, Sector: N/A
2025-11-19 13:57:21,705 - INFO - Fetching data for ADBE (Adobe Inc)
2025-11-19 13:57:21,705 - INFO - Starting ETL process for ADBE (attempt 1/3)
2025-11-19 13:57:21,705 - INFO - Starting ETL process for ADBE
2025-11-19 13:57:21,705 - INFO - Extracting stock data for ADBE
2025-11-19 13:57:22,812 - INFO - Extracted 5 records for ADBE
2025-11-19 13:57:22,813 - INFO - Transformed 5 stock records for ADBE
2025-11-19 13:57:22,836 - INFO - Successfully loaded 5 stock price records
2025-11-19 13:57:22,837 - INFO - Successfully loaded stock data for ADBE
2025-11-19 13:57:22,841 - INFO - Extracting company info for ADBE
2025-11-19 13:57:24,641 - INFO - Successfully extracted company info for ADBE
2025-11-19 13:57:24,647 - INFO - Updated company info for ADBE
2025-11-19 13:57:24,648 - INFO - Completed ETL process for ADBE - Success: True
2025-11-19 13:57:27,080 - INFO -   Company: N/A, Sector: N/A
2025-11-19 13:57:42,092 - INFO - Fetching data for CRM (Salesforce Inc)
2025-11-19 13:57:42,093 - INFO - Starting ETL process for CRM (attempt 1/3)
2025-11-19 13:57:42,094 - INFO - Starting ETL process for CRM
2025-11-19 13:57:42,094 - INFO - Extracting stock data for CRM
2025-11-19 13:57:42,781 - INFO - Extracted 5 records for CRM
2025-11-19 13:57:42,784 - INFO - Transformed 5 stock records for CRM
2025-11-19 13:57:42,808 - INFO - Successfully loaded 5 stock price records
2025-11-19 13:57:42,809 - INFO - Successfully loaded stock data for CRM
2025-11-19 13:57:42,809 - INFO - Extracting company info for CRM
2025-11-19 13:57:45,076 - INFO - Successfully extracted company info for CRM
2025-11-19 13:57:45,080 - INFO - Updated company info for CRM
2025-11-19 13:57:45,081 - INFO - Completed ETL process for CRM - Success: True
2025-11-19 13:57:46,369 - INFO -   Company: N/A, Sector: N/A
2025-11-19 13:58:01,373 - INFO - Fetching data for ORCL (Oracle Corporation)
2025-11-19 13:58:01,376 - INFO - Starting ETL process for ORCL (attempt 1/3)
2025-11-19 13:58:01,377 - INFO - Starting ETL process for ORCL
2025-11-19 13:58:01,378 - INFO - Extracting stock data for ORCL
2025-11-19 13:58:01,823 - INFO - Extracted 5 records for ORCL
2025-11-19 13:58:01,825 - INFO - Transformed 5 stock records for ORCL
2025-11-19 13:58:01,842 - INFO - Successfully loaded 5 stock price records
2025-11-19 13:58:01,843 - INFO - Successfully loaded stock data for ORCL
2025-11-19 13:58:01,843 - INFO - Extracting company info for ORCL
2025-11-19 13:58:03,456 - INFO - Successfully extracted company info for ORCL
2025-11-19 13:58:03,462 - INFO - Updated company info for ORCL
2025-11-19 13:58:03,464 - INFO - Completed ETL process for ORCL - Success: True
2025-11-19 13:58:04,866 - INFO -   Company: N/A, Sector: N/A
2025-11-19 13:58:19,870 - INFO - Fetching data for ACN (Accenture plc)
2025-11-19 13:58:19,871 - INFO - Starting ETL process for ACN (attempt 1/3)
2025-11-19 13:58:19,872 - INFO - Starting ETL process for ACN
2025-11-19 13:58:19,872 - INFO - Extracting stock data for ACN
2025-11-19 13:58:20,250 - INFO - Extracted 5 records for ACN
2025-11-19 13:58:20,254 - INFO - Transformed 5 stock records for ACN
2025-11-19 13:58:20,278 - INFO - Successfully loaded 5 stock price records
2025-11-19 13:58:20,278 - INFO - Successfully loaded stock data for ACN
2025-11-19 13:58:20,278 - INFO - Extracting company info for ACN
2025-11-19 13:58:21,555 - INFO - Successfully extracted company info for ACN
2025-11-19 13:58:21,560 - INFO - Updated company info for ACN
2025-11-19 13:58:21,560 - INFO - Completed ETL process for ACN - Success: True
2025-11-19 13:58:22,907 - INFO -   Company: N/A, Sector: N/A
2025-11-19 13:58:37,912 - INFO - Updating news data...
2025-11-19 13:58:37,913 - INFO - Fetching market news...
2025-11-19 13:58:40,815 - INFO - Fetched 3 market news articles
2025-11-19 13:58:40,816 - INFO - Starting news ETL process
2025-11-19 13:58:40,817 - INFO - Extracting news data with query: None
2025-11-19 13:58:45,389 - INFO - Successfully extracted 3 news articles
2025-11-19 13:58:45,410 - INFO - Transformed 3 news records
2025-11-19 13:58:45,584 - INFO - Successfully loaded and processed 3 news records
2025-11-19 13:58:45,586 - INFO - Completed news ETL process
2025-11-19 13:58:45,588 - INFO - Successfully stored news data in database
2025-11-19 13:58:45,588 - INFO - === Cycle 1 completed in 1410.0s ===
2025-11-19 13:58:45,589 - INFO - Updated 30 stocks this cycle
2025-11-19 13:58:45,589 - INFO - Next cycle in 300s...

2025-11-19 14:03:45,600 - INFO - === Cycle 2 started at 2025-11-19 14:03:45 ===
2025-11-19 14:03:45,601 - INFO - Fetching data for AAPL (Apple Inc)
2025-11-19 14:03:45,602 - INFO - Starting ETL process for AAPL (attempt 1/3)
2025-11-19 14:03:45,603 - INFO - Starting ETL process for AAPL
2025-11-19 14:03:45,604 - INFO - Extracting stock data for AAPL
2025-11-19 14:03:47,023 - INFO - Extracted 5 records for AAPL
2025-11-19 14:03:47,025 - INFO - Transformed 5 stock records for AAPL
2025-11-19 14:03:47,045 - INFO - Successfully loaded 5 stock price records
2025-11-19 14:03:47,046 - INFO - Successfully loaded stock data for AAPL
2025-11-19 14:03:47,047 - INFO - Extracting company info for AAPL
2025-11-19 14:03:49,097 - INFO - Successfully extracted company info for AAPL
2025-11-19 14:03:49,103 - INFO - Updated company info for AAPL
2025-11-19 14:03:49,108 - INFO - Completed ETL process for AAPL - Success: True
2025-11-19 14:03:50,918 - INFO -   Company: N/A, Sector: N/A
2025-11-19 14:04:05,925 - INFO - Fetching data for MSFT (Microsoft Corporation)
2025-11-19 14:04:05,926 - INFO - Starting ETL process for MSFT (attempt 1/3)
2025-11-19 14:04:05,926 - INFO - Starting ETL process for MSFT
2025-11-19 14:04:05,926 - INFO - Extracting stock data for MSFT
2025-11-19 14:04:06,325 - INFO - Extracted 5 records for MSFT
2025-11-19 14:04:06,330 - INFO - Transformed 5 stock records for MSFT
2025-11-19 14:04:06,353 - INFO - Successfully loaded 5 stock price records
2025-11-19 14:04:06,353 - INFO - Successfully loaded stock data for MSFT
2025-11-19 14:04:06,354 - INFO - Extracting company info for MSFT
2025-11-19 14:04:07,106 - INFO - Successfully extracted company info for MSFT
2025-11-19 14:04:07,116 - INFO - Updated company info for MSFT
2025-11-19 14:04:07,116 - INFO - Completed ETL process for MSFT - Success: True
2025-11-19 14:04:08,823 - INFO -   Company: N/A, Sector: N/A
2025-11-19 14:04:23,825 - INFO - Fetching data for GOOGL (Alphabet Inc)
2025-11-19 14:04:23,826 - INFO - Starting ETL process for GOOGL (attempt 1/3)
2025-11-19 14:04:23,826 - INFO - Starting ETL process for GOOGL
2025-11-19 14:04:23,827 - INFO - Extracting stock data for GOOGL
2025-11-19 14:04:24,398 - INFO - Extracted 5 records for GOOGL
2025-11-19 14:04:24,401 - INFO - Transformed 5 stock records for GOOGL
2025-11-19 14:04:24,422 - INFO - Successfully loaded 5 stock price records
2025-11-19 14:04:24,423 - INFO - Successfully loaded stock data for GOOGL
2025-11-19 14:04:24,423 - INFO - Extracting company info for GOOGL
2025-11-19 14:04:29,170 - INFO - Successfully extracted company info for GOOGL
2025-11-19 14:04:29,175 - INFO - Updated company info for GOOGL
2025-11-19 14:04:29,177 - INFO - Completed ETL process for GOOGL - Success: True
2025-11-19 14:04:30,430 - INFO -   Company: N/A, Sector: N/A
2025-11-19 14:04:45,430 - INFO - Fetching data for AMZN (Amazon.com Inc)
2025-11-19 14:04:45,432 - INFO - Starting ETL process for AMZN (attempt 1/3)
2025-11-19 14:04:45,432 - INFO - Starting ETL process for AMZN
2025-11-19 14:04:45,433 - INFO - Extracting stock data for AMZN
2025-11-19 14:04:55,405 - INFO - Extracted 5 records for AMZN
2025-11-19 14:04:55,412 - INFO - Transformed 5 stock records for AMZN
2025-11-19 14:04:55,448 - INFO - Successfully loaded 5 stock price records
2025-11-19 14:04:55,450 - INFO - Successfully loaded stock data for AMZN
2025-11-19 14:04:55,452 - INFO - Extracting company info for AMZN
2025-11-19 14:04:56,865 - INFO - Successfully extracted company info for AMZN
2025-11-19 14:04:56,869 - INFO - Updated company info for AMZN
2025-11-19 14:04:56,869 - INFO - Completed ETL process for AMZN - Success: True
2025-11-19 14:05:02,787 - INFO -   Company: N/A, Sector: N/A
2025-11-19 14:05:17,803 - INFO - Fetching data for NVDA (NVIDIA Corporation)
2025-11-19 14:05:17,804 - INFO - Starting ETL process for NVDA (attempt 1/3)
2025-11-19 14:05:17,804 - INFO - Starting ETL process for NVDA
2025-11-19 14:05:17,805 - INFO - Extracting stock data for NVDA
2025-11-19 14:05:18,383 - INFO - Extracted 5 records for NVDA
2025-11-19 14:05:18,385 - INFO - Transformed 5 stock records for NVDA
2025-11-19 14:05:18,407 - INFO - Successfully loaded 5 stock price records
2025-11-19 14:05:18,407 - INFO - Successfully loaded stock data for NVDA
2025-11-19 14:05:18,411 - INFO - Extracting company info for NVDA
2025-11-19 14:05:18,955 - INFO - Successfully extracted company info for NVDA
2025-11-19 14:05:18,960 - INFO - Updated company info for NVDA
2025-11-19 14:05:18,960 - INFO - Completed ETL process for NVDA - Success: True
2025-11-19 14:05:19,945 - INFO -   Company: N/A, Sector: N/A
2025-11-19 14:05:34,955 - INFO - Fetching data for TSLA (Tesla Inc)
2025-11-19 14:05:34,955 - INFO - Starting ETL process for TSLA (attempt 1/3)
2025-11-19 14:05:34,956 - INFO - Starting ETL process for TSLA
2025-11-19 14:05:34,956 - INFO - Extracting stock data for TSLA
2025-11-19 14:05:35,966 - INFO - Extracted 5 records for TSLA
2025-11-19 14:05:35,968 - INFO - Transformed 5 stock records for TSLA
2025-11-19 14:05:35,986 - INFO - Successfully loaded 5 stock price records
2025-11-19 14:05:35,987 - INFO - Successfully loaded stock data for TSLA
2025-11-19 14:05:35,987 - INFO - Extracting company info for TSLA
2025-11-19 14:05:36,858 - INFO - Successfully extracted company info for TSLA
2025-11-19 14:05:36,862 - INFO - Updated company info for TSLA
2025-11-19 14:05:36,863 - INFO - Completed ETL process for TSLA - Success: True
2025-11-19 14:05:38,600 - INFO -   Company: N/A, Sector: N/A
2025-11-19 14:05:53,613 - INFO - Fetching data for META (Meta Platforms Inc)
2025-11-19 14:05:53,613 - INFO - Starting ETL process for META (attempt 1/3)
2025-11-19 14:05:53,613 - INFO - Starting ETL process for META
2025-11-19 14:05:53,615 - INFO - Extracting stock data for META
2025-11-19 14:05:53,988 - INFO - Extracted 5 records for META
2025-11-19 14:05:53,989 - INFO - Transformed 5 stock records for META
2025-11-19 14:05:54,008 - INFO - Successfully loaded 5 stock price records
2025-11-19 14:05:54,009 - INFO - Successfully loaded stock data for META
2025-11-19 14:05:54,009 - INFO - Extracting company info for META
2025-11-19 14:05:54,619 - INFO - Successfully extracted company info for META
2025-11-19 14:05:54,626 - INFO - Updated company info for META
2025-11-19 14:05:54,626 - INFO - Completed ETL process for META - Success: True
2025-11-19 14:05:56,214 - INFO -   Company: N/A, Sector: N/A
2025-11-19 14:06:11,221 - INFO - Fetching data for BRK.B (Berkshire Hathaway Inc)
2025-11-19 14:06:11,221 - INFO - Starting ETL process for BRK.B (attempt 1/3)
2025-11-19 14:06:11,222 - INFO - Starting ETL process for BRK.B
2025-11-19 14:06:11,222 - INFO - Extracting stock data for BRK.B
2025-11-19 14:06:12,413 - ERROR - $BRK.B: possibly delisted; no price data found  (period=5d) (Yahoo error = "No data found, symbol may be delisted")
2025-11-19 14:06:12,414 - WARNING - No data received for BRK.B
2025-11-19 14:06:12,415 - WARNING - No data received for BRK.B
2025-11-19 14:06:12,415 - INFO - Extracting company info for BRK.B
2025-11-19 14:06:13,006 - INFO - Successfully extracted company info for BRK.B
2025-11-19 14:06:13,014 - WARNING - Stock BRK.B not found for company info update
2025-11-19 14:06:13,014 - INFO - Completed ETL process for BRK.B - Success: False
2025-11-19 14:06:13,014 - WARNING - ETL reported failure for BRK.B on attempt 1
2025-11-19 14:06:13,020 - INFO - Retrying BRK.B after 2s backoff...
2025-11-19 14:06:15,033 - INFO - Starting ETL process for BRK.B (attempt 2/3)
2025-11-19 14:06:15,034 - INFO - Starting ETL process for BRK.B
2025-11-19 14:06:15,034 - INFO - Extracting stock data for BRK.B
2025-11-19 14:06:16,292 - ERROR - $BRK.B: possibly delisted; no price data found  (period=5d) (Yahoo error = "No data found, symbol may be delisted")
2025-11-19 14:06:16,293 - WARNING - No data received for BRK.B
2025-11-19 14:06:16,293 - WARNING - No data received for BRK.B
2025-11-19 14:06:16,294 - INFO - Extracting company info for BRK.B
2025-11-19 14:06:17,102 - INFO - Successfully extracted company info for BRK.B
2025-11-19 14:06:17,107 - WARNING - Stock BRK.B not found for company info update
2025-11-19 14:06:17,111 - INFO - Completed ETL process for BRK.B - Success: False
2025-11-19 14:06:17,113 - WARNING - ETL reported failure for BRK.B on attempt 2
2025-11-19 14:06:17,120 - INFO - Retrying BRK.B after 4s backoff...
2025-11-19 14:06:21,136 - INFO - Starting ETL process for BRK.B (attempt 3/3)
2025-11-19 14:06:21,137 - INFO - Starting ETL process for BRK.B
2025-11-19 14:06:21,137 - INFO - Extracting stock data for BRK.B
2025-11-19 14:06:22,530 - ERROR - $BRK.B: possibly delisted; no price data found  (period=5d) (Yahoo error = "No data found, symbol may be delisted")
2025-11-19 14:06:22,531 - WARNING - No data received for BRK.B
2025-11-19 14:06:22,532 - WARNING - No data received for BRK.B
2025-11-19 14:06:22,532 - INFO - Extracting company info for BRK.B
2025-11-19 14:06:23,902 - INFO - Successfully extracted company info for BRK.B
2025-11-19 14:06:23,907 - WARNING - Stock BRK.B not found for company info update
2025-11-19 14:06:23,909 - INFO - Completed ETL process for BRK.B - Success: False
2025-11-19 14:06:23,909 - WARNING - ETL reported failure for BRK.B on attempt 3
2025-11-19 14:06:23,909 - WARNING - Failed to store data for BRK.B in database after 3 attempts
2025-11-19 14:06:38,915 - INFO - Fetching data for UNH (UnitedHealth Group Inc)
2025-11-19 14:06:38,916 - INFO - Starting ETL process for UNH (attempt 1/3)
2025-11-19 14:06:38,917 - INFO - Starting ETL process for UNH
2025-11-19 14:06:38,917 - INFO - Extracting stock data for UNH
2025-11-19 14:06:39,500 - INFO - Extracted 5 records for UNH
2025-11-19 14:06:39,507 - INFO - Transformed 5 stock records for UNH
2025-11-19 14:06:39,533 - INFO - Successfully loaded 5 stock price records
2025-11-19 14:06:39,535 - INFO - Successfully loaded stock data for UNH
2025-11-19 14:06:39,538 - INFO - Extracting company info for UNH
2025-11-19 14:06:40,242 - INFO - Successfully extracted company info for UNH
2025-11-19 14:06:40,283 - INFO - Updated company info for UNH
2025-11-19 14:06:40,285 - INFO - Completed ETL process for UNH - Success: True
2025-11-19 14:06:41,888 - INFO -   Company: N/A, Sector: N/A
2025-11-19 14:06:56,894 - INFO - Fetching data for JNJ (Johnson & Johnson)
2025-11-19 14:06:56,895 - INFO - Starting ETL process for JNJ (attempt 1/3)
2025-11-19 14:06:56,896 - INFO - Starting ETL process for JNJ
2025-11-19 14:06:56,897 - INFO - Extracting stock data for JNJ
2025-11-19 14:07:00,420 - INFO - Extracted 5 records for JNJ
2025-11-19 14:07:00,422 - INFO - Transformed 5 stock records for JNJ
2025-11-19 14:07:00,438 - INFO - Successfully loaded 5 stock price records
2025-11-19 14:07:00,446 - INFO - Successfully loaded stock data for JNJ
2025-11-19 14:07:00,451 - INFO - Extracting company info for JNJ
2025-11-19 14:07:01,236 - INFO - Successfully extracted company info for JNJ
2025-11-19 14:07:01,244 - INFO - Updated company info for JNJ
2025-11-19 14:07:01,248 - INFO - Completed ETL process for JNJ - Success: True
2025-11-19 14:07:02,234 - INFO -   Company: N/A, Sector: N/A
2025-11-19 14:07:17,243 - INFO - Fetching data for JPM (JPMorgan Chase & Co)
2025-11-19 14:07:17,247 - INFO - Starting ETL process for JPM (attempt 1/3)
2025-11-19 14:07:17,249 - INFO - Starting ETL process for JPM
2025-11-19 14:07:17,250 - INFO - Extracting stock data for JPM
2025-11-19 14:07:17,639 - INFO - Extracted 5 records for JPM
2025-11-19 14:07:17,642 - INFO - Transformed 5 stock records for JPM
2025-11-19 14:07:17,685 - INFO - Successfully loaded 5 stock price records
2025-11-19 14:07:17,695 - INFO - Successfully loaded stock data for JPM
2025-11-19 14:07:17,704 - INFO - Extracting company info for JPM
2025-11-19 14:07:18,445 - INFO - Successfully extracted company info for JPM
2025-11-19 14:07:18,453 - INFO - Updated company info for JPM
2025-11-19 14:07:18,457 - INFO - Completed ETL process for JPM - Success: True
2025-11-19 14:07:19,800 - INFO -   Company: N/A, Sector: N/A
2025-11-19 14:07:34,806 - INFO - Fetching data for V (Visa Inc)
2025-11-19 14:07:34,808 - INFO - Starting ETL process for V (attempt 1/3)
2025-11-19 14:07:34,809 - INFO - Starting ETL process for V
2025-11-19 14:07:34,810 - INFO - Extracting stock data for V
2025-11-19 14:07:35,420 - INFO - Extracted 5 records for V
2025-11-19 14:07:35,421 - INFO - Transformed 5 stock records for V
2025-11-19 14:07:35,443 - INFO - Successfully loaded 5 stock price records
2025-11-19 14:07:35,444 - INFO - Successfully loaded stock data for V
2025-11-19 14:07:35,444 - INFO - Extracting company info for V
2025-11-19 14:07:36,156 - INFO - Successfully extracted company info for V
2025-11-19 14:07:36,165 - INFO - Updated company info for V
2025-11-19 14:07:36,167 - INFO - Completed ETL process for V - Success: True
2025-11-19 14:07:37,187 - INFO -   Company: N/A, Sector: N/A
2025-11-19 14:07:52,203 - INFO - Fetching data for PG (Procter & Gamble Co)
2025-11-19 14:07:52,204 - INFO - Starting ETL process for PG (attempt 1/3)
2025-11-19 14:07:52,205 - INFO - Starting ETL process for PG
2025-11-19 14:07:52,205 - INFO - Extracting stock data for PG
2025-11-19 14:07:52,572 - INFO - Extracted 5 records for PG
2025-11-19 14:07:52,573 - INFO - Transformed 5 stock records for PG
2025-11-19 14:07:52,591 - INFO - Successfully loaded 5 stock price records
2025-11-19 14:07:52,592 - INFO - Successfully loaded stock data for PG
2025-11-19 14:07:52,593 - INFO - Extracting company info for PG
2025-11-19 14:07:53,182 - INFO - Successfully extracted company info for PG
2025-11-19 14:07:53,187 - INFO - Updated company info for PG
2025-11-19 14:07:53,187 - INFO - Completed ETL process for PG - Success: True
2025-11-19 14:07:54,796 - INFO -   Company: N/A, Sector: N/A
2025-11-19 14:08:09,801 - INFO - Fetching data for XOM (Exxon Mobil Corporation)
2025-11-19 14:08:09,802 - INFO - Starting ETL process for XOM (attempt 1/3)
2025-11-19 14:08:09,802 - INFO - Starting ETL process for XOM
2025-11-19 14:08:09,803 - INFO - Extracting stock data for XOM
2025-11-19 14:08:10,213 - INFO - Extracted 5 records for XOM
2025-11-19 14:08:10,214 - INFO - Transformed 5 stock records for XOM
2025-11-19 14:08:10,228 - INFO - Successfully loaded 5 stock price records
2025-11-19 14:08:10,234 - INFO - Successfully loaded stock data for XOM
2025-11-19 14:08:10,234 - INFO - Extracting company info for XOM
2025-11-19 14:08:10,977 - INFO - Successfully extracted company info for XOM
2025-11-19 14:08:10,983 - INFO - Updated company info for XOM
2025-11-19 14:08:10,983 - INFO - Completed ETL process for XOM - Success: True
2025-11-19 14:08:12,103 - INFO -   Company: N/A, Sector: N/A
2025-11-19 14:08:27,106 - INFO - Fetching data for HD (Home Depot Inc)
2025-11-19 14:08:27,107 - INFO - Starting ETL process for HD (attempt 1/3)
2025-11-19 14:08:27,107 - INFO - Starting ETL process for HD
2025-11-19 14:08:27,108 - INFO - Extracting stock data for HD
2025-11-19 14:08:27,582 - INFO - Extracted 5 records for HD
2025-11-19 14:08:27,584 - INFO - Transformed 5 stock records for HD
2025-11-19 14:08:27,605 - INFO - Successfully loaded 5 stock price records
2025-11-19 14:08:27,608 - INFO - Successfully loaded stock data for HD
2025-11-19 14:08:27,608 - INFO - Extracting company info for HD
2025-11-19 14:08:28,381 - INFO - Successfully extracted company info for HD
2025-11-19 14:08:28,389 - INFO - Updated company info for HD
2025-11-19 14:08:28,390 - INFO - Completed ETL process for HD - Success: True
2025-11-19 14:08:30,324 - INFO -   Company: N/A, Sector: N/A
2025-11-19 14:08:45,332 - INFO - Fetching data for CVX (Chevron Corporation)
2025-11-19 14:08:45,333 - INFO - Starting ETL process for CVX (attempt 1/3)
2025-11-19 14:08:45,333 - INFO - Starting ETL process for CVX
2025-11-19 14:08:45,334 - INFO - Extracting stock data for CVX
2025-11-19 14:08:45,835 - INFO - Extracted 5 records for CVX
2025-11-19 14:08:45,838 - INFO - Transformed 5 stock records for CVX
2025-11-19 14:08:45,873 - INFO - Successfully loaded 5 stock price records
2025-11-19 14:08:45,873 - INFO - Successfully loaded stock data for CVX
2025-11-19 14:08:45,874 - INFO - Extracting company info for CVX
2025-11-19 14:08:46,505 - INFO - Successfully extracted company info for CVX
2025-11-19 14:08:46,512 - INFO - Updated company info for CVX
2025-11-19 14:08:46,512 - INFO - Completed ETL process for CVX - Success: True
2025-11-19 14:08:48,534 - INFO -   Company: N/A, Sector: N/A
2025-11-19 14:09:03,551 - INFO - Fetching data for MA (Mastercard Inc)
2025-11-19 14:09:03,552 - INFO - Starting ETL process for MA (attempt 1/3)
2025-11-19 14:09:03,552 - INFO - Starting ETL process for MA
2025-11-19 14:09:03,553 - INFO - Extracting stock data for MA
2025-11-19 14:09:03,930 - INFO - Extracted 5 records for MA
2025-11-19 14:09:03,932 - INFO - Transformed 5 stock records for MA
2025-11-19 14:09:03,947 - INFO - Successfully loaded 5 stock price records
2025-11-19 14:09:03,948 - INFO - Successfully loaded stock data for MA
2025-11-19 14:09:03,948 - INFO - Extracting company info for MA
2025-11-19 14:09:04,552 - INFO - Successfully extracted company info for MA
2025-11-19 14:09:04,561 - INFO - Updated company info for MA
2025-11-19 14:09:04,567 - INFO - Completed ETL process for MA - Success: True
2025-11-19 14:09:06,169 - INFO -   Company: N/A, Sector: N/A
2025-11-19 14:09:21,184 - INFO - Fetching data for BAC (Bank of America Corp)
2025-11-19 14:09:21,186 - INFO - Starting ETL process for BAC (attempt 1/3)
2025-11-19 14:09:21,187 - INFO - Starting ETL process for BAC
2025-11-19 14:09:21,188 - INFO - Extracting stock data for BAC
2025-11-19 14:09:21,858 - INFO - Extracted 5 records for BAC
2025-11-19 14:09:21,860 - INFO - Transformed 5 stock records for BAC
2025-11-19 14:09:21,879 - INFO - Successfully loaded 5 stock price records
2025-11-19 14:09:21,879 - INFO - Successfully loaded stock data for BAC
2025-11-19 14:09:21,880 - INFO - Extracting company info for BAC
2025-11-19 14:09:22,387 - INFO - Successfully extracted company info for BAC
2025-11-19 14:09:22,391 - INFO - Updated company info for BAC
2025-11-19 14:09:22,391 - INFO - Completed ETL process for BAC - Success: True
2025-11-19 14:09:23,417 - INFO -   Company: N/A, Sector: N/A
2025-11-19 14:09:38,419 - INFO - Fetching data for ABBV (AbbVie Inc)
2025-11-19 14:09:38,420 - INFO - Starting ETL process for ABBV (attempt 1/3)
2025-11-19 14:09:38,420 - INFO - Starting ETL process for ABBV
2025-11-19 14:09:38,421 - INFO - Extracting stock data for ABBV
2025-11-19 14:09:38,867 - INFO - Extracted 5 records for ABBV
2025-11-19 14:09:38,870 - INFO - Transformed 5 stock records for ABBV
2025-11-19 14:09:38,882 - INFO - Successfully loaded 5 stock price records
2025-11-19 14:09:38,883 - INFO - Successfully loaded stock data for ABBV
2025-11-19 14:09:38,883 - INFO - Extracting company info for ABBV
2025-11-19 14:09:39,496 - INFO - Successfully extracted company info for ABBV
2025-11-19 14:09:39,499 - INFO - Updated company info for ABBV
2025-11-19 14:09:39,500 - INFO - Completed ETL process for ABBV - Success: True
2025-11-19 14:09:40,569 - INFO -   Company: N/A, Sector: N/A
2025-11-19 14:09:55,575 - INFO - Fetching data for PFE (Pfizer Inc)
2025-11-19 14:09:55,576 - INFO - Starting ETL process for PFE (attempt 1/3)
2025-11-19 14:09:55,577 - INFO - Starting ETL process for PFE
2025-11-19 14:09:55,577 - INFO - Extracting stock data for PFE
2025-11-19 14:09:56,258 - INFO - Extracted 5 records for PFE
2025-11-19 14:09:56,259 - INFO - Transformed 5 stock records for PFE
2025-11-19 14:09:56,278 - INFO - Successfully loaded 5 stock price records
2025-11-19 14:09:56,278 - INFO - Successfully loaded stock data for PFE
2025-11-19 14:09:56,279 - INFO - Extracting company info for PFE
2025-11-19 14:09:56,815 - INFO - Successfully extracted company info for PFE
2025-11-19 14:09:56,819 - INFO - Updated company info for PFE
2025-11-19 14:09:56,819 - INFO - Completed ETL process for PFE - Success: True
2025-11-19 14:10:00,810 - INFO -   Company: N/A, Sector: N/A
2025-11-19 14:10:01,480 - INFO - 
============================================================
2025-11-19 14:10:01,481 - INFO - STOPPING CONTINUOUS TRACKING
2025-11-19 14:10:01,481 - INFO - ============================================================
